STAR version=2.7.10a
STAR compilation time,server,dir=2022-01-14T18:50:00-05:00 :/home/dobin/data/STAR/STARcode/STAR.master/source
STAR git: On branch master ; commit ae26add7ea1724f3281ec8abedb71bcff6a4ae73 ; diff files: CHANGES.md README.md RELEASEnotes.md doc/STARmanual.pdf extras/doc-latex/STARmanual.tex extras/doc-latex/convertParDefToLatexTable.awk extras/doc-latex/parametersDefault.tex extras/docker/Dockerfile source/VERSION 
##### Command Line:
STAR --runThreadN 16 --runMode genomeGenerate --genomeDir /sbgenomics/project-files/gencode.v35.pc_transcripts.chr22.fa --sjdbGTFfile /sbgenomics/project-files/gencode.v35.annotation.chr22.gtf --sjdbOverhang 149 --limitGenomeGenerateRAM 30GB
##### Initial USER parameters from Command Line:
###### All USER parameters from Command Line:
runThreadN                    16     ~RE-DEFINED
runMode                       genomeGenerate        ~RE-DEFINED
genomeDir                     /sbgenomics/project-files/gencode.v35.pc_transcripts.chr22.fa     ~RE-DEFINED
sjdbGTFfile                   /sbgenomics/project-files/gencode.v35.annotation.chr22.gtf     ~RE-DEFINED
sjdbOverhang                  149     ~RE-DEFINED
limitGenomeGenerateRAM        30     ~RE-DEFINED
##### Finished reading parameters from all sources

##### Final user re-defined parameters-----------------:
runMode                           genomeGenerate   
runThreadN                        16
genomeDir                         /sbgenomics/project-files/gencode.v35.pc_transcripts.chr22.fa
limitGenomeGenerateRAM            30
sjdbGTFfile                       /sbgenomics/project-files/gencode.v35.annotation.chr22.gtf
sjdbOverhang                      149

-------------------------------
##### Final effective command line:
STAR   --runMode genomeGenerate      --runThreadN 16   --genomeDir /sbgenomics/project-files/gencode.v35.pc_transcripts.chr22.fa   --limitGenomeGenerateRAM 30   --sjdbGTFfile /sbgenomics/project-files/gencode.v35.annotation.chr22.gtf   --sjdbOverhang 149
----------------------------------------

Number of fastq files for each mate = 1
ParametersSolo: --soloCellFilterType CellRanger2.2 filtering parameters:  3000 0.99 10
Finished loading and checking parameters
--genomeDir directory exists and will be overwritten: /sbgenomics/project-files/gencode.v35.pc_transcripts.chr22.fa/
!!!!! WARNING: Could not move Log.out file from ./Log.out into /sbgenomics/project-files/gencode.v35.pc_transcripts.chr22.fa/Log.out. Will keep ./Log.out

Oct 31 15:03:09 ... starting to generate Genome files

EXITING because of INPUT ERROR: could not open genomeFastaFile: -

Oct 31 15:03:09 ...... FATAL ERROR, exiting
